$ /opt/conda/bin/python /workspaces/edm/generate.py --outdir=/workspaces/edm/autoresearch/tasks/nfe50/runs/000-baseline/images --seeds=0-4999 --batch=64 --steps=25 --network=https://nvlabs-fi-cdn.nvidia.com/edm/pretrained/baseline/baseline-cifar10-32x32-uncond-vp.pkl --rho=7 --S_churn=0 --S_min=0 --S_max=inf --S_noise=1 --solver=heun --disc=edm --schedule=linear --scaling=none

Loading network from "https://nvlabs-fi-cdn.nvidia.com/edm/pretrained/baseline/baseline-cifar10-32x32-uncond-vp.pkl"...
Generating 5000 images to "/workspaces/edm/autoresearch/tasks/nfe50/runs/000-baseline/images"...

  0%|          | 0/79 [00:00<?, ?batch/s]
  1%|▏         | 1/79 [00:03<03:58,  3.05s/batch]
  3%|▎         | 2/79 [00:05<03:26,  2.68s/batch]
  4%|▍         | 3/79 [00:07<03:07,  2.47s/batch]
  5%|▌         | 4/79 [00:09<02:58,  2.38s/batch]
  6%|▋         | 5/79 [00:12<02:51,  2.32s/batch]
  8%|▊         | 6/79 [00:14<02:46,  2.28s/batch]
  9%|▉         | 7/79 [00:16<02:45,  2.29s/batch]
 10%|█         | 8/79 [00:18<02:42,  2.29s/batch]
 11%|█▏        | 9/79 [00:21<02:38,  2.27s/batch]
 13%|█▎        | 10/79 [00:23<02:35,  2.26s/batch]
 14%|█▍        | 11/79 [00:25<02:32,  2.25s/batch]
 15%|█▌        | 12/79 [00:27<02:30,  2.24s/batch]
 16%|█▋        | 13/79 [00:30<02:27,  2.24s/batch]
 18%|█▊        | 14/79 [00:32<02:25,  2.24s/batch]
 19%|█▉        | 15/79 [00:34<02:23,  2.25s/batch]
 20%|██        | 16/79 [00:36<02:21,  2.24s/batch]
 22%|██▏       | 17/79 [00:39<02:18,  2.24s/batch]
 23%|██▎       | 18/79 [00:41<02:17,  2.25s/batch]
 24%|██▍       | 19/79 [00:43<02:15,  2.25s/batch]
 25%|██▌       | 20/79 [00:45<02:14,  2.28s/batch]
 27%|██▋       | 21/79 [00:48<02:13,  2.30s/batch]
 28%|██▊       | 22/79 [00:50<02:10,  2.29s/batch]
 29%|██▉       | 23/79 [00:52<02:05,  2.23s/batch]
 30%|███       | 24/79 [00:53<01:46,  1.94s/batch]
 32%|███▏      | 25/79 [00:55<01:31,  1.70s/batch]
 33%|███▎      | 26/79 [00:56<01:21,  1.54s/batch]
 34%|███▍      | 27/79 [00:57<01:13,  1.42s/batch]
 35%|███▌      | 28/79 [00:58<01:08,  1.34s/batch]
 37%|███▋      | 29/79 [00:59<01:04,  1.28s/batch]
 38%|███▊      | 30/79 [01:00<01:00,  1.24s/batch]
 39%|███▉      | 31/79 [01:01<00:58,  1.21s/batch]
 41%|████      | 32/79 [01:03<00:55,  1.19s/batch]
 42%|████▏     | 33/79 [01:04<00:54,  1.17s/batch]
 43%|████▎     | 34/79 [01:05<00:53,  1.18s/batch]
 44%|████▍     | 35/79 [01:06<00:52,  1.19s/batch]
 46%|████▌     | 36/79 [01:07<00:50,  1.18s/batch]
 47%|████▋     | 37/79 [01:08<00:49,  1.17s/batch]
 48%|████▊     | 38/79 [01:10<00:47,  1.16s/batch]
 49%|████▉     | 39/79 [01:11<00:46,  1.16s/batch]
 51%|█████     | 40/79 [01:12<00:44,  1.15s/batch]
 52%|█████▏    | 41/79 [01:13<00:43,  1.15s/batch]
 53%|█████▎    | 42/79 [01:14<00:42,  1.15s/batch]
 54%|█████▍    | 43/79 [01:15<00:41,  1.15s/batch]
 56%|█████▌    | 44/79 [01:16<00:40,  1.15s/batch]
 57%|█████▋    | 45/79 [01:18<00:39,  1.15s/batch]
 58%|█████▊    | 46/79 [01:19<00:37,  1.15s/batch]
 59%|█████▉    | 47/79 [01:20<00:36,  1.15s/batch]
 61%|██████    | 48/79 [01:21<00:35,  1.15s/batch]
 62%|██████▏   | 49/79 [01:22<00:34,  1.15s/batch]
 63%|██████▎   | 50/79 [01:23<00:33,  1.14s/batch]
 65%|██████▍   | 51/79 [01:24<00:32,  1.14s/batch]
 66%|██████▌   | 52/79 [01:26<00:30,  1.14s/batch]
 67%|██████▋   | 53/79 [01:27<00:29,  1.14s/batch]
 68%|██████▊   | 54/79 [01:28<00:28,  1.15s/batch]
 70%|██████▉   | 55/79 [01:29<00:27,  1.15s/batch]
 71%|███████   | 56/79 [01:30<00:26,  1.14s/batch]
 72%|███████▏  | 57/79 [01:31<00:25,  1.14s/batch]
 73%|███████▎  | 58/79 [01:33<00:24,  1.14s/batch]
 75%|███████▍  | 59/79 [01:34<00:22,  1.14s/batch]
 76%|███████▌  | 60/79 [01:35<00:21,  1.14s/batch]
 77%|███████▋  | 61/79 [01:36<00:20,  1.14s/batch]
 78%|███████▊  | 62/79 [01:37<00:19,  1.16s/batch]
 80%|███████▉  | 63/79 [01:38<00:18,  1.18s/batch]
 81%|████████  | 64/79 [01:39<00:17,  1.17s/batch]
 82%|████████▏ | 65/79 [01:41<00:16,  1.16s/batch]
 84%|████████▎ | 66/79 [01:42<00:15,  1.16s/batch]
 85%|████████▍ | 67/79 [01:43<00:13,  1.15s/batch]
 86%|████████▌ | 68/79 [01:44<00:12,  1.15s/batch]
 87%|████████▋ | 69/79 [01:45<00:11,  1.15s/batch]
 89%|████████▊ | 70/79 [01:46<00:10,  1.15s/batch]
 90%|████████▉ | 71/79 [01:48<00:09,  1.15s/batch]
 91%|█████████ | 72/79 [01:49<00:08,  1.15s/batch]
 92%|█████████▏| 73/79 [01:50<00:06,  1.14s/batch]
 94%|█████████▎| 74/79 [01:51<00:05,  1.14s/batch]
 95%|█████████▍| 75/79 [01:52<00:04,  1.15s/batch]
 96%|█████████▌| 76/79 [01:53<00:03,  1.14s/batch]
 97%|█████████▋| 77/79 [01:54<00:02,  1.14s/batch]
 99%|█████████▊| 78/79 [01:56<00:01,  1.14s/batch]
100%|██████████| 79/79 [01:57<00:00,  1.14s/batch]
100%|██████████| 79/79 [01:57<00:00,  1.48s/batch]
Done.
