$ /opt/conda/bin/python /workspaces/edm/fid.py calc --images=/workspaces/edm/autoresearch/tasks/nfe20/runs/003-candidate/images --ref=https://nvlabs-fi-cdn.nvidia.com/edm/fid-refs/cifar10-32x32.npz --num=5000 --batch=64

Loading dataset reference statistics from "https://nvlabs-fi-cdn.nvidia.com/edm/fid-refs/cifar10-32x32.npz"...
Loading Inception-v3 model...
Loading images from "/workspaces/edm/autoresearch/tasks/nfe20/runs/003-candidate/images"...
Calculating statistics for 5000 images...

  0%|          | 0/79 [00:00<?, ?batch/s]
  1%|▏         | 1/79 [00:04<05:39,  4.35s/batch]
 10%|█         | 8/79 [00:04<00:29,  2.44batch/s]
 18%|█▊        | 14/79 [00:04<00:13,  4.91batch/s]
 25%|██▌       | 20/79 [00:04<00:07,  8.07batch/s]
 32%|███▏      | 25/79 [00:04<00:05, 10.64batch/s]
 39%|███▉      | 31/79 [00:04<00:03, 15.13batch/s]
 47%|████▋     | 37/79 [00:05<00:02, 20.18batch/s]
 54%|█████▍    | 43/79 [00:05<00:01, 25.55batch/s]
 62%|██████▏   | 49/79 [00:05<00:00, 30.89batch/s]
 70%|██████▉   | 55/79 [00:05<00:00, 35.90batch/s]
 77%|███████▋  | 61/79 [00:05<00:00, 40.31batch/s]
 85%|████████▍ | 67/79 [00:05<00:00, 43.86batch/s]
 92%|█████████▏| 73/79 [00:05<00:00, 46.68batch/s]
100%|██████████| 79/79 [00:05<00:00, 49.06batch/s]
100%|██████████| 79/79 [00:06<00:00, 12.73batch/s]
Calculating FID...
10.7248
