$ /opt/conda/bin/python /workspaces/edm/generate.py --outdir=/workspaces/edm/autoresearch/tasks/nfe20/runs/003-candidate/images --seeds=0-4999 --batch=64 --steps=10 --network=https://nvlabs-fi-cdn.nvidia.com/edm/pretrained/baseline/baseline-cifar10-32x32-uncond-vp.pkl --rho=7 --S_churn=60 --S_min=0.1 --S_max=80 --S_noise=1 --solver=heun --disc=edm --schedule=linear --scaling=none

Loading network from "https://nvlabs-fi-cdn.nvidia.com/edm/pretrained/baseline/baseline-cifar10-32x32-uncond-vp.pkl"...
Generating 5000 images to "/workspaces/edm/autoresearch/tasks/nfe20/runs/003-candidate/images"...

  0%|          | 0/79 [00:00<?, ?batch/s]
  1%|▏         | 1/79 [00:01<01:36,  1.23s/batch]
  3%|▎         | 2/79 [00:01<01:11,  1.08batch/s]
  4%|▍         | 3/79 [00:02<00:56,  1.34batch/s]
  5%|▌         | 4/79 [00:03<00:52,  1.44batch/s]
  6%|▋         | 5/79 [00:03<00:49,  1.50batch/s]
  8%|▊         | 6/79 [00:04<00:47,  1.54batch/s]
  9%|▉         | 7/79 [00:04<00:45,  1.57batch/s]
 10%|█         | 8/79 [00:05<00:44,  1.60batch/s]
 11%|█▏        | 9/79 [00:06<00:41,  1.67batch/s]
 13%|█▎        | 10/79 [00:06<00:38,  1.79batch/s]
 14%|█▍        | 11/79 [00:07<00:36,  1.88batch/s]
 15%|█▌        | 12/79 [00:07<00:34,  1.95batch/s]
 16%|█▋        | 13/79 [00:07<00:33,  1.98batch/s]
 18%|█▊        | 14/79 [00:08<00:32,  2.02batch/s]
 19%|█▉        | 15/79 [00:08<00:31,  2.05batch/s]
 20%|██        | 16/79 [00:09<00:30,  2.08batch/s]
 22%|██▏       | 17/79 [00:09<00:29,  2.10batch/s]
 23%|██▎       | 18/79 [00:10<00:28,  2.11batch/s]
 24%|██▍       | 19/79 [00:10<00:28,  2.11batch/s]
 25%|██▌       | 20/79 [00:11<00:27,  2.12batch/s]
 27%|██▋       | 21/79 [00:11<00:27,  2.12batch/s]
 28%|██▊       | 22/79 [00:12<00:26,  2.12batch/s]
 29%|██▉       | 23/79 [00:12<00:26,  2.11batch/s]
 30%|███       | 24/79 [00:13<00:27,  2.00batch/s]
 32%|███▏      | 25/79 [00:13<00:26,  2.03batch/s]
 33%|███▎      | 26/79 [00:14<00:25,  2.05batch/s]
 34%|███▍      | 27/79 [00:14<00:25,  2.06batch/s]
 35%|███▌      | 28/79 [00:15<00:24,  2.08batch/s]
 37%|███▋      | 29/79 [00:15<00:23,  2.09batch/s]
 38%|███▊      | 30/79 [00:16<00:23,  2.10batch/s]
 39%|███▉      | 31/79 [00:16<00:22,  2.11batch/s]
 41%|████      | 32/79 [00:17<00:22,  2.11batch/s]
 42%|████▏     | 33/79 [00:17<00:21,  2.11batch/s]
 43%|████▎     | 34/79 [00:17<00:21,  2.10batch/s]
 44%|████▍     | 35/79 [00:18<00:20,  2.11batch/s]
 46%|████▌     | 36/79 [00:18<00:20,  2.11batch/s]
 47%|████▋     | 37/79 [00:19<00:19,  2.12batch/s]
 48%|████▊     | 38/79 [00:19<00:19,  2.12batch/s]
 49%|████▉     | 39/79 [00:20<00:18,  2.12batch/s]
 51%|█████     | 40/79 [00:20<00:18,  2.12batch/s]
 52%|█████▏    | 41/79 [00:21<00:17,  2.12batch/s]
 53%|█████▎    | 42/79 [00:21<00:17,  2.11batch/s]
 54%|█████▍    | 43/79 [00:22<00:17,  2.10batch/s]
 56%|█████▌    | 44/79 [00:22<00:16,  2.10batch/s]
 57%|█████▋    | 45/79 [00:23<00:16,  2.11batch/s]
 58%|█████▊    | 46/79 [00:23<00:15,  2.12batch/s]
 59%|█████▉    | 47/79 [00:24<00:15,  2.11batch/s]
 61%|██████    | 48/79 [00:24<00:14,  2.07batch/s]
 62%|██████▏   | 49/79 [00:25<00:14,  2.02batch/s]
 63%|██████▎   | 50/79 [00:25<00:14,  1.99batch/s]
 65%|██████▍   | 51/79 [00:26<00:13,  2.03batch/s]
 66%|██████▌   | 52/79 [00:26<00:13,  2.06batch/s]
 67%|██████▋   | 53/79 [00:27<00:12,  2.08batch/s]
 68%|██████▊   | 54/79 [00:27<00:11,  2.10batch/s]
 70%|██████▉   | 55/79 [00:28<00:11,  2.11batch/s]
 71%|███████   | 56/79 [00:28<00:10,  2.12batch/s]
 72%|███████▏  | 57/79 [00:28<00:10,  2.13batch/s]
 73%|███████▎  | 58/79 [00:29<00:09,  2.13batch/s]
 75%|███████▍  | 59/79 [00:29<00:09,  2.13batch/s]
 76%|███████▌  | 60/79 [00:30<00:08,  2.14batch/s]
 77%|███████▋  | 61/79 [00:30<00:08,  2.13batch/s]
 78%|███████▊  | 62/79 [00:31<00:07,  2.13batch/s]
 80%|███████▉  | 63/79 [00:31<00:07,  2.13batch/s]
 81%|████████  | 64/79 [00:32<00:07,  2.13batch/s]
 82%|████████▏ | 65/79 [00:32<00:06,  2.14batch/s]
 84%|████████▎ | 66/79 [00:33<00:06,  2.14batch/s]
 85%|████████▍ | 67/79 [00:33<00:05,  2.12batch/s]
 86%|████████▌ | 68/79 [00:34<00:05,  2.12batch/s]
 87%|████████▋ | 69/79 [00:34<00:04,  2.12batch/s]
 89%|████████▊ | 70/79 [00:35<00:04,  2.13batch/s]
 90%|████████▉ | 71/79 [00:35<00:03,  2.13batch/s]
 91%|█████████ | 72/79 [00:35<00:03,  2.13batch/s]
 92%|█████████▏| 73/79 [00:36<00:02,  2.14batch/s]
 94%|█████████▎| 74/79 [00:36<00:02,  2.14batch/s]
 95%|█████████▍| 75/79 [00:37<00:01,  2.14batch/s]
 96%|█████████▌| 76/79 [00:37<00:01,  2.15batch/s]
 97%|█████████▋| 77/79 [00:38<00:00,  2.13batch/s]
 99%|█████████▊| 78/79 [00:38<00:00,  2.12batch/s]
100%|██████████| 79/79 [00:39<00:00,  2.11batch/s]
100%|██████████| 79/79 [00:39<00:00,  2.01batch/s]
Done.
