$ /opt/conda/bin/python /workspaces/edm/fid.py calc --images=/workspaces/edm/autoresearch/tasks/nfe50/runs/001-candidate/images --ref=https://nvlabs-fi-cdn.nvidia.com/edm/fid-refs/cifar10-32x32.npz --num=5000 --batch=64

Loading dataset reference statistics from "https://nvlabs-fi-cdn.nvidia.com/edm/fid-refs/cifar10-32x32.npz"...
Loading Inception-v3 model...
Loading images from "/workspaces/edm/autoresearch/tasks/nfe50/runs/001-candidate/images"...
Calculating statistics for 5000 images...

  0%|          | 0/79 [00:00<?, ?batch/s]
  1%|▏         | 1/79 [00:04<05:51,  4.51s/batch]
  6%|▋         | 5/79 [00:04<00:51,  1.43batch/s]
 10%|█         | 8/79 [00:04<00:27,  2.61batch/s]
 14%|█▍        | 11/79 [00:04<00:16,  4.11batch/s]
 18%|█▊        | 14/79 [00:04<00:10,  5.95batch/s]
 22%|██▏       | 17/79 [00:05<00:07,  8.11batch/s]
 25%|██▌       | 20/79 [00:05<00:05, 10.49batch/s]
 29%|██▉       | 23/79 [00:05<00:04, 12.99batch/s]
 33%|███▎      | 26/79 [00:05<00:03, 13.95batch/s]
 37%|███▋      | 29/79 [00:05<00:03, 16.31batch/s]
 41%|████      | 32/79 [00:05<00:02, 18.30batch/s]
 44%|████▍     | 35/79 [00:05<00:02, 20.23batch/s]
 48%|████▊     | 38/79 [00:05<00:01, 21.83batch/s]
 52%|█████▏    | 41/79 [00:06<00:01, 23.20batch/s]
 56%|█████▌    | 44/79 [00:06<00:01, 23.97batch/s]
 59%|█████▉    | 47/79 [00:06<00:01, 24.81batch/s]
 63%|██████▎   | 50/79 [00:06<00:01, 25.53batch/s]
 67%|██████▋   | 53/79 [00:06<00:00, 26.10batch/s]
 71%|███████   | 56/79 [00:06<00:00, 25.93batch/s]
 75%|███████▍  | 59/79 [00:06<00:00, 26.43batch/s]
 78%|███████▊  | 62/79 [00:06<00:00, 26.77batch/s]
 82%|████████▏ | 65/79 [00:06<00:00, 26.85batch/s]
 86%|████████▌ | 68/79 [00:07<00:00, 26.93batch/s]
 90%|████████▉ | 71/79 [00:07<00:00, 26.77batch/s]
 94%|█████████▎| 74/79 [00:07<00:00, 26.74batch/s]
 97%|█████████▋| 77/79 [00:07<00:00, 26.89batch/s]
100%|██████████| 79/79 [00:07<00:00, 10.12batch/s]
Calculating FID...
8.31394
