$ /opt/conda/bin/python /workspaces/edm/generate.py --outdir=/workspaces/edm/autoresearch/tasks/nfe50/runs/001-candidate/images --seeds=0-4999 --batch=64 --steps=25 --network=https://nvlabs-fi-cdn.nvidia.com/edm/pretrained/baseline/baseline-cifar10-32x32-uncond-vp.pkl --rho=7 --S_churn=0 --S_min=0 --S_max=inf --S_noise=1 --solver=heun --disc=ve --schedule=linear --scaling=none

Loading network from "https://nvlabs-fi-cdn.nvidia.com/edm/pretrained/baseline/baseline-cifar10-32x32-uncond-vp.pkl"...
Generating 5000 images to "/workspaces/edm/autoresearch/tasks/nfe50/runs/001-candidate/images"...

  0%|          | 0/79 [00:00<?, ?batch/s]
  1%|▏         | 1/79 [00:01<02:35,  1.99s/batch]
  3%|▎         | 2/79 [00:03<01:54,  1.49s/batch]
  4%|▍         | 3/79 [00:04<01:40,  1.33s/batch]
  5%|▌         | 4/79 [00:05<01:33,  1.25s/batch]
  6%|▋         | 5/79 [00:06<01:29,  1.21s/batch]
  8%|▊         | 6/79 [00:07<01:26,  1.18s/batch]
  9%|▉         | 7/79 [00:08<01:24,  1.17s/batch]
 10%|█         | 8/79 [00:09<01:22,  1.16s/batch]
 11%|█▏        | 9/79 [00:11<01:20,  1.15s/batch]
 13%|█▎        | 10/79 [00:12<01:18,  1.14s/batch]
 14%|█▍        | 11/79 [00:13<01:17,  1.14s/batch]
 15%|█▌        | 12/79 [00:14<01:17,  1.15s/batch]
 16%|█▋        | 13/79 [00:15<01:16,  1.16s/batch]
 18%|█▊        | 14/79 [00:16<01:18,  1.20s/batch]
 19%|█▉        | 15/79 [00:19<01:36,  1.52s/batch]
 20%|██        | 16/79 [00:21<01:48,  1.73s/batch]
 22%|██▏       | 17/79 [00:23<01:56,  1.88s/batch]
 23%|██▎       | 18/79 [00:25<02:00,  1.98s/batch]
 24%|██▍       | 19/79 [00:28<02:02,  2.05s/batch]
 25%|██▌       | 20/79 [00:30<02:03,  2.09s/batch]
 27%|██▋       | 21/79 [00:32<02:03,  2.12s/batch]
 28%|██▊       | 22/79 [00:34<02:02,  2.15s/batch]
 29%|██▉       | 23/79 [00:36<02:01,  2.16s/batch]
 30%|███       | 24/79 [00:39<02:00,  2.20s/batch]
 32%|███▏      | 25/79 [00:41<01:59,  2.21s/batch]
 33%|███▎      | 26/79 [00:43<01:57,  2.22s/batch]
 34%|███▍      | 27/79 [00:45<01:55,  2.22s/batch]
 35%|███▌      | 28/79 [00:48<01:52,  2.22s/batch]
 37%|███▋      | 29/79 [00:50<01:50,  2.21s/batch]
 38%|███▊      | 30/79 [00:52<01:47,  2.19s/batch]
 39%|███▉      | 31/79 [00:54<01:47,  2.23s/batch]
 41%|████      | 32/79 [00:57<01:45,  2.25s/batch]
 42%|████▏     | 33/79 [00:59<01:40,  2.18s/batch]
 43%|████▎     | 34/79 [01:00<01:23,  1.86s/batch]
 44%|████▍     | 35/79 [01:01<01:12,  1.65s/batch]
 46%|████▌     | 36/79 [01:03<01:11,  1.67s/batch]
 47%|████▋     | 37/79 [01:05<01:17,  1.84s/batch]
 48%|████▊     | 38/79 [01:07<01:19,  1.95s/batch]
 49%|████▉     | 39/79 [01:09<01:21,  2.03s/batch]
 51%|█████     | 40/79 [01:11<01:20,  2.07s/batch]
 52%|█████▏    | 41/79 [01:14<01:20,  2.11s/batch]
 53%|█████▎    | 42/79 [01:16<01:19,  2.14s/batch]
 54%|█████▍    | 43/79 [01:18<01:17,  2.16s/batch]
 56%|█████▌    | 44/79 [01:20<01:16,  2.17s/batch]
 57%|█████▋    | 45/79 [01:22<01:14,  2.19s/batch]
 58%|█████▊    | 46/79 [01:25<01:12,  2.20s/batch]
 59%|█████▉    | 47/79 [01:27<01:10,  2.20s/batch]
 61%|██████    | 48/79 [01:29<01:08,  2.21s/batch]
 62%|██████▏   | 49/79 [01:31<01:06,  2.22s/batch]
 63%|██████▎   | 50/79 [01:34<01:04,  2.23s/batch]
 65%|██████▍   | 51/79 [01:36<01:02,  2.23s/batch]
 66%|██████▌   | 52/79 [01:38<01:00,  2.23s/batch]
 67%|██████▋   | 53/79 [01:40<00:58,  2.27s/batch]
 68%|██████▊   | 54/79 [01:43<00:57,  2.29s/batch]
 70%|██████▉   | 55/79 [01:45<00:55,  2.29s/batch]
 71%|███████   | 56/79 [01:46<00:46,  2.01s/batch]
 72%|███████▏  | 57/79 [01:48<00:38,  1.75s/batch]
 73%|███████▎  | 58/79 [01:49<00:36,  1.72s/batch]
 75%|███████▍  | 59/79 [01:51<00:37,  1.87s/batch]
 76%|███████▌  | 60/79 [01:54<00:37,  1.97s/batch]
 77%|███████▋  | 61/79 [01:56<00:36,  2.05s/batch]
 78%|███████▊  | 62/79 [01:58<00:35,  2.10s/batch]
 80%|███████▉  | 63/79 [02:00<00:34,  2.13s/batch]
 81%|████████  | 64/79 [02:02<00:32,  2.15s/batch]
 82%|████████▏ | 65/79 [02:05<00:30,  2.16s/batch]
 84%|████████▎ | 66/79 [02:07<00:28,  2.18s/batch]
 85%|████████▍ | 67/79 [02:09<00:26,  2.19s/batch]
 86%|████████▌ | 68/79 [02:11<00:24,  2.20s/batch]
 87%|████████▋ | 69/79 [02:14<00:22,  2.21s/batch]
 89%|████████▊ | 70/79 [02:16<00:19,  2.21s/batch]
 90%|████████▉ | 71/79 [02:18<00:17,  2.22s/batch]
 91%|█████████ | 72/79 [02:20<00:15,  2.22s/batch]
 92%|█████████▏| 73/79 [02:22<00:13,  2.23s/batch]
 94%|█████████▎| 74/79 [02:25<00:11,  2.25s/batch]
 95%|█████████▍| 75/79 [02:27<00:09,  2.29s/batch]
 96%|█████████▌| 76/79 [02:29<00:06,  2.28s/batch]
 97%|█████████▋| 77/79 [02:32<00:04,  2.27s/batch]
 99%|█████████▊| 78/79 [02:34<00:02,  2.26s/batch]
100%|██████████| 79/79 [02:36<00:00,  2.27s/batch]
100%|██████████| 79/79 [02:36<00:00,  1.98s/batch]
Done.
