$ /opt/conda/bin/python /workspaces/edm/fid.py calc --images=/workspaces/edm/autoresearch/tasks/nfe50/runs/003-candidate/images --ref=https://nvlabs-fi-cdn.nvidia.com/edm/fid-refs/cifar10-32x32.npz --num=5000 --batch=64

Loading dataset reference statistics from "https://nvlabs-fi-cdn.nvidia.com/edm/fid-refs/cifar10-32x32.npz"...
Loading Inception-v3 model...
Loading images from "/workspaces/edm/autoresearch/tasks/nfe50/runs/003-candidate/images"...
Calculating statistics for 5000 images...

  0%|          | 0/79 [00:00<?, ?batch/s]
  1%|▏         | 1/79 [00:04<06:02,  4.64s/batch]
  9%|▉         | 7/79 [00:04<00:36,  2.00batch/s]
 16%|█▋        | 13/79 [00:04<00:15,  4.36batch/s]
 24%|██▍       | 19/79 [00:04<00:08,  7.38batch/s]
 30%|███       | 24/79 [00:05<00:05,  9.87batch/s]
 39%|███▉      | 31/79 [00:05<00:03, 15.00batch/s]
 47%|████▋     | 37/79 [00:05<00:02, 19.83batch/s]
 54%|█████▍    | 43/79 [00:05<00:01, 25.04batch/s]
 62%|██████▏   | 49/79 [00:05<00:00, 30.29batch/s]
 70%|██████▉   | 55/79 [00:05<00:00, 35.27batch/s]
 77%|███████▋  | 61/79 [00:05<00:00, 39.76batch/s]
 85%|████████▍ | 67/79 [00:05<00:00, 43.57batch/s]
 92%|█████████▏| 73/79 [00:06<00:00, 46.63batch/s]
100%|██████████| 79/79 [00:06<00:00, 49.05batch/s]
100%|██████████| 79/79 [00:06<00:00, 12.28batch/s]
Calculating FID...
13.3702
