$ /opt/conda/bin/python /workspaces/edm/generate.py --outdir=/workspaces/edm/autoresearch/tasks/nfe50/runs/003-candidate/images --seeds=0-4999 --batch=64 --steps=50 --network=https://nvlabs-fi-cdn.nvidia.com/edm/pretrained/baseline/baseline-cifar10-32x32-uncond-vp.pkl --rho=7 --S_churn=15 --S_min=0.05 --S_max=50 --S_noise=1.003 --solver=euler --disc=edm --schedule=linear --scaling=none

Loading network from "https://nvlabs-fi-cdn.nvidia.com/edm/pretrained/baseline/baseline-cifar10-32x32-uncond-vp.pkl"...
Generating 5000 images to "/workspaces/edm/autoresearch/tasks/nfe50/runs/003-candidate/images"...

  0%|          | 0/79 [00:00<?, ?batch/s]
  1%|▏         | 1/79 [00:02<02:36,  2.01s/batch]
  3%|▎         | 2/79 [00:03<02:03,  1.60s/batch]
  4%|▍         | 3/79 [00:04<01:55,  1.52s/batch]
  5%|▌         | 4/79 [00:06<01:47,  1.43s/batch]
  6%|▋         | 5/79 [00:07<01:41,  1.37s/batch]
  8%|▊         | 6/79 [00:08<01:35,  1.31s/batch]
  9%|▉         | 7/79 [00:09<01:30,  1.26s/batch]
 10%|█         | 8/79 [00:10<01:27,  1.23s/batch]
 11%|█▏        | 9/79 [00:12<01:27,  1.26s/batch]
 13%|█▎        | 10/79 [00:13<01:25,  1.24s/batch]
 14%|█▍        | 11/79 [00:14<01:22,  1.22s/batch]
 15%|█▌        | 12/79 [00:15<01:20,  1.20s/batch]
 16%|█▋        | 13/79 [00:16<01:18,  1.19s/batch]
 18%|█▊        | 14/79 [00:18<01:17,  1.18s/batch]
 19%|█▉        | 15/79 [00:19<01:15,  1.18s/batch]
 20%|██        | 16/79 [00:20<01:13,  1.17s/batch]
 22%|██▏       | 17/79 [00:21<01:12,  1.17s/batch]
 23%|██▎       | 18/79 [00:22<01:12,  1.19s/batch]
 24%|██▍       | 19/79 [00:23<01:12,  1.21s/batch]
 25%|██▌       | 20/79 [00:25<01:13,  1.24s/batch]
 27%|██▋       | 21/79 [00:26<01:12,  1.25s/batch]
 28%|██▊       | 22/79 [00:27<01:12,  1.27s/batch]
 29%|██▉       | 23/79 [00:29<01:11,  1.27s/batch]
 30%|███       | 24/79 [00:30<01:09,  1.27s/batch]
 32%|███▏      | 25/79 [00:31<01:06,  1.24s/batch]
 33%|███▎      | 26/79 [00:32<01:04,  1.22s/batch]
 34%|███▍      | 27/79 [00:33<01:02,  1.21s/batch]
 35%|███▌      | 28/79 [00:35<01:01,  1.20s/batch]
 37%|███▋      | 29/79 [00:36<00:59,  1.19s/batch]
 38%|███▊      | 30/79 [00:37<00:57,  1.18s/batch]
 39%|███▉      | 31/79 [00:38<00:56,  1.18s/batch]
 41%|████      | 32/79 [00:39<00:55,  1.18s/batch]
 42%|████▏     | 33/79 [00:40<00:54,  1.18s/batch]
 43%|████▎     | 34/79 [00:42<00:52,  1.18s/batch]
 44%|████▍     | 35/79 [00:43<00:51,  1.18s/batch]
 46%|████▌     | 36/79 [00:44<00:50,  1.18s/batch]
 47%|████▋     | 37/79 [00:45<00:50,  1.20s/batch]
 48%|████▊     | 38/79 [00:46<00:48,  1.19s/batch]
 49%|████▉     | 39/79 [00:48<00:47,  1.18s/batch]
 51%|█████     | 40/79 [00:49<00:45,  1.18s/batch]
 52%|█████▏    | 41/79 [00:50<00:44,  1.18s/batch]
 53%|█████▎    | 42/79 [00:51<00:43,  1.17s/batch]
 54%|█████▍    | 43/79 [00:52<00:42,  1.17s/batch]
 56%|█████▌    | 44/79 [00:53<00:40,  1.17s/batch]
 57%|█████▋    | 45/79 [00:55<00:40,  1.19s/batch]
 58%|█████▊    | 46/79 [00:56<00:39,  1.19s/batch]
 59%|█████▉    | 47/79 [00:57<00:37,  1.19s/batch]
 61%|██████    | 48/79 [00:58<00:36,  1.18s/batch]
 62%|██████▏   | 49/79 [00:59<00:35,  1.18s/batch]
 63%|██████▎   | 50/79 [01:01<00:34,  1.18s/batch]
 65%|██████▍   | 51/79 [01:02<00:32,  1.18s/batch]
 66%|██████▌   | 52/79 [01:03<00:31,  1.17s/batch]
 67%|██████▋   | 53/79 [01:04<00:30,  1.17s/batch]
 68%|██████▊   | 54/79 [01:05<00:29,  1.17s/batch]
 70%|██████▉   | 55/79 [01:06<00:28,  1.18s/batch]
 71%|███████   | 56/79 [01:08<00:27,  1.18s/batch]
 72%|███████▏  | 57/79 [01:09<00:25,  1.18s/batch]
 73%|███████▎  | 58/79 [01:10<00:24,  1.18s/batch]
 75%|███████▍  | 59/79 [01:11<00:23,  1.18s/batch]
 76%|███████▌  | 60/79 [01:12<00:22,  1.18s/batch]
 77%|███████▋  | 61/79 [01:13<00:21,  1.18s/batch]
 78%|███████▊  | 62/79 [01:15<00:19,  1.17s/batch]
 80%|███████▉  | 63/79 [01:16<00:18,  1.18s/batch]
 81%|████████  | 64/79 [01:17<00:17,  1.17s/batch]
 82%|████████▏ | 65/79 [01:18<00:16,  1.18s/batch]
 84%|████████▎ | 66/79 [01:19<00:15,  1.17s/batch]
 85%|████████▍ | 67/79 [01:21<00:14,  1.17s/batch]
 86%|████████▌ | 68/79 [01:22<00:12,  1.17s/batch]
 87%|████████▋ | 69/79 [01:23<00:11,  1.17s/batch]
 89%|████████▊ | 70/79 [01:24<00:10,  1.17s/batch]
 90%|████████▉ | 71/79 [01:25<00:09,  1.17s/batch]
 91%|█████████ | 72/79 [01:26<00:08,  1.19s/batch]
 92%|█████████▏| 73/79 [01:28<00:07,  1.20s/batch]
 94%|█████████▎| 74/79 [01:29<00:05,  1.19s/batch]
 95%|█████████▍| 75/79 [01:30<00:04,  1.19s/batch]
 96%|█████████▌| 76/79 [01:31<00:03,  1.19s/batch]
 97%|█████████▋| 77/79 [01:32<00:02,  1.18s/batch]
 99%|█████████▊| 78/79 [01:34<00:01,  1.18s/batch]
100%|██████████| 79/79 [01:35<00:00,  1.18s/batch]
100%|██████████| 79/79 [01:35<00:00,  1.21s/batch]
Done.
