$ /opt/conda/bin/python /workspaces/edm/generate.py --outdir=/workspaces/edm/autoresearch/tasks/nfe20/runs/004-candidate/images --seeds=0-4999 --batch=64 --steps=10 --network=https://nvlabs-fi-cdn.nvidia.com/edm/pretrained/baseline/baseline-cifar10-32x32-uncond-vp.pkl --rho=7 --S_churn=80 --S_min=0.15 --S_max=100 --S_noise=1 --solver=heun --disc=edm --schedule=linear --scaling=none

Loading network from "https://nvlabs-fi-cdn.nvidia.com/edm/pretrained/baseline/baseline-cifar10-32x32-uncond-vp.pkl"...
Generating 5000 images to "/workspaces/edm/autoresearch/tasks/nfe20/runs/004-candidate/images"...

  0%|          | 0/79 [00:00<?, ?batch/s]
  1%|▏         | 1/79 [00:01<02:08,  1.65s/batch]
  3%|▎         | 2/79 [00:02<01:32,  1.20s/batch]
  4%|▍         | 3/79 [00:03<01:20,  1.06s/batch]
  5%|▌         | 4/79 [00:04<01:13,  1.02batch/s]
  6%|▋         | 5/79 [00:05<01:09,  1.06batch/s]
  8%|▊         | 6/79 [00:06<01:07,  1.09batch/s]
  9%|▉         | 7/79 [00:06<01:05,  1.11batch/s]
 10%|█         | 8/79 [00:07<01:03,  1.11batch/s]
 11%|█▏        | 9/79 [00:08<01:03,  1.10batch/s]
 13%|█▎        | 10/79 [00:09<01:02,  1.10batch/s]
 14%|█▍        | 11/79 [00:10<01:01,  1.11batch/s]
 15%|█▌        | 12/79 [00:11<00:59,  1.12batch/s]
 16%|█▋        | 13/79 [00:12<00:58,  1.13batch/s]
 18%|█▊        | 14/79 [00:13<00:57,  1.13batch/s]
 19%|█▉        | 15/79 [00:14<00:56,  1.14batch/s]
 20%|██        | 16/79 [00:14<00:55,  1.14batch/s]
 22%|██▏       | 17/79 [00:15<00:54,  1.14batch/s]
 23%|██▎       | 18/79 [00:16<00:53,  1.14batch/s]
 24%|██▍       | 19/79 [00:17<00:52,  1.14batch/s]
 25%|██▌       | 20/79 [00:18<00:51,  1.15batch/s]
 27%|██▋       | 21/79 [00:19<00:50,  1.15batch/s]
 28%|██▊       | 22/79 [00:20<00:49,  1.15batch/s]
 29%|██▉       | 23/79 [00:20<00:48,  1.15batch/s]
 30%|███       | 24/79 [00:21<00:48,  1.12batch/s]
 32%|███▏      | 25/79 [00:22<00:47,  1.13batch/s]
 33%|███▎      | 26/79 [00:23<00:46,  1.13batch/s]
 34%|███▍      | 27/79 [00:24<00:45,  1.13batch/s]
 35%|███▌      | 28/79 [00:25<00:44,  1.14batch/s]
 37%|███▋      | 29/79 [00:26<00:43,  1.15batch/s]
 38%|███▊      | 30/79 [00:27<00:42,  1.15batch/s]
 39%|███▉      | 31/79 [00:28<00:41,  1.15batch/s]
 41%|████      | 32/79 [00:28<00:41,  1.15batch/s]
 42%|████▏     | 33/79 [00:29<00:40,  1.15batch/s]
 43%|████▎     | 34/79 [00:30<00:39,  1.14batch/s]
 44%|████▍     | 35/79 [00:31<00:38,  1.15batch/s]
 46%|████▌     | 36/79 [00:32<00:37,  1.14batch/s]
 47%|████▋     | 37/79 [00:33<00:37,  1.13batch/s]
 48%|████▊     | 38/79 [00:34<00:36,  1.12batch/s]
 49%|████▉     | 39/79 [00:35<00:36,  1.11batch/s]
 51%|█████     | 40/79 [00:36<00:35,  1.10batch/s]
 52%|█████▏    | 41/79 [00:36<00:34,  1.10batch/s]
 53%|█████▎    | 42/79 [00:37<00:33,  1.10batch/s]
 54%|█████▍    | 43/79 [00:38<00:32,  1.10batch/s]
 56%|█████▌    | 44/79 [00:39<00:31,  1.11batch/s]
 57%|█████▋    | 45/79 [00:40<00:30,  1.11batch/s]
 58%|█████▊    | 46/79 [00:41<00:29,  1.11batch/s]
 59%|█████▉    | 47/79 [00:42<00:27,  1.16batch/s]
 61%|██████    | 48/79 [00:42<00:23,  1.32batch/s]
 62%|██████▏   | 49/79 [00:43<00:20,  1.47batch/s]
 63%|██████▎   | 50/79 [00:43<00:18,  1.59batch/s]
 65%|██████▍   | 51/79 [00:44<00:16,  1.69batch/s]
 66%|██████▌   | 52/79 [00:44<00:15,  1.77batch/s]
 67%|██████▋   | 53/79 [00:45<00:14,  1.83batch/s]
 68%|██████▊   | 54/79 [00:45<00:13,  1.88batch/s]
 70%|██████▉   | 55/79 [00:46<00:12,  1.93batch/s]
 71%|███████   | 56/79 [00:46<00:11,  2.01batch/s]
 72%|███████▏  | 57/79 [00:47<00:10,  2.06batch/s]
 73%|███████▎  | 58/79 [00:47<00:09,  2.11batch/s]
 75%|███████▍  | 59/79 [00:48<00:09,  2.14batch/s]
 76%|███████▌  | 60/79 [00:48<00:08,  2.16batch/s]
 77%|███████▋  | 61/79 [00:48<00:08,  2.18batch/s]
 78%|███████▊  | 62/79 [00:49<00:07,  2.19batch/s]
 80%|███████▉  | 63/79 [00:50<00:08,  2.00batch/s]
 81%|████████  | 64/79 [00:50<00:09,  1.59batch/s]
 82%|████████▏ | 65/79 [00:51<00:10,  1.39batch/s]
 84%|████████▎ | 66/79 [00:52<00:10,  1.28batch/s]
 85%|████████▍ | 67/79 [00:53<00:09,  1.22batch/s]
 86%|████████▌ | 68/79 [00:54<00:09,  1.18batch/s]
 87%|████████▋ | 69/79 [00:55<00:08,  1.15batch/s]
 89%|████████▊ | 70/79 [00:56<00:07,  1.14batch/s]
 90%|████████▉ | 71/79 [00:57<00:07,  1.12batch/s]
 91%|█████████ | 72/79 [00:58<00:06,  1.12batch/s]
 92%|█████████▏| 73/79 [00:59<00:05,  1.11batch/s]
 94%|█████████▎| 74/79 [01:00<00:04,  1.11batch/s]
 95%|█████████▍| 75/79 [01:01<00:03,  1.11batch/s]
 96%|█████████▌| 76/79 [01:01<00:02,  1.10batch/s]
 97%|█████████▋| 77/79 [01:02<00:01,  1.10batch/s]
 99%|█████████▊| 78/79 [01:03<00:00,  1.10batch/s]
100%|██████████| 79/79 [01:04<00:00,  1.09batch/s]
100%|██████████| 79/79 [01:04<00:00,  1.22batch/s]
Done.
